0 info it worked if it ends with ok
1 verbose cli [ '/usr/local/bin/node', '/usr/local/bin/npm', 'run', 'quick' ]
2 info using npm@3.10.10
3 info using node@v6.10.2
4 verbose run-script [ 'prequick', 'quick', 'postquick' ]
5 info lifecycle saviserver@1.0.0~prequick: saviserver@1.0.0
6 silly lifecycle saviserver@1.0.0~prequick: no script for prequick, continuing
7 info lifecycle saviserver@1.0.0~quick: saviserver@1.0.0
8 verbose lifecycle saviserver@1.0.0~quick: unsafe-perm in lifecycle true
9 verbose lifecycle saviserver@1.0.0~quick: PATH: /usr/local/lib/node_modules/npm/bin/node-gyp-bin:/Users/nihil/Documents/HRR/hrr-thesis/Savi-Server/node_modules/.bin:/usr/local/share/python:/usr/local/bin:/usr/bin:/bin:/usr/sbin:/sbin
10 verbose lifecycle saviserver@1.0.0~quick: CWD: /Users/nihil/Documents/HRR/hrr-thesis/Savi-Server
11 silly lifecycle saviserver@1.0.0~quick: Args: [ '-c', 'npm run build && node server.js' ]
12 silly lifecycle saviserver@1.0.0~quick: Returned: code: 2  signal: null
13 info lifecycle saviserver@1.0.0~quick: Failed to exec quick script
14 verbose stack Error: saviserver@1.0.0 quick: `npm run build && node server.js`
14 verbose stack Exit status 2
14 verbose stack     at EventEmitter.<anonymous> (/usr/local/lib/node_modules/npm/lib/utils/lifecycle.js:255:16)
14 verbose stack     at emitTwo (events.js:106:13)
14 verbose stack     at EventEmitter.emit (events.js:191:7)
14 verbose stack     at ChildProcess.<anonymous> (/usr/local/lib/node_modules/npm/lib/utils/spawn.js:40:14)
14 verbose stack     at emitTwo (events.js:106:13)
14 verbose stack     at ChildProcess.emit (events.js:191:7)
14 verbose stack     at maybeClose (internal/child_process.js:886:16)
14 verbose stack     at Process.ChildProcess._handle.onexit (internal/child_process.js:226:5)
15 verbose pkgid saviserver@1.0.0
16 verbose cwd /Users/nihil/Documents/HRR/hrr-thesis/Savi-Server
17 error Darwin 16.5.0
18 error argv "/usr/local/bin/node" "/usr/local/bin/npm" "run" "quick"
19 error node v6.10.2
20 error npm  v3.10.10
21 error code ELIFECYCLE
22 error saviserver@1.0.0 quick: `npm run build && node server.js`
22 error Exit status 2
23 error Failed at the saviserver@1.0.0 quick script 'npm run build && node server.js'.
23 error Make sure you have the latest version of node.js and npm installed.
23 error If you do, this is most likely a problem with the saviserver package,
23 error not with npm itself.
23 error Tell the author that this fails on your system:
23 error     npm run build && node server.js
23 error You can get information on how to open an issue for this project with:
23 error     npm bugs saviserver
23 error Or if that isn't available, you can get their info via:
23 error     npm owner ls saviserver
23 error There is likely additional logging output above.
24 verbose exit [ 1, true ]
